[2024-11-24T13:52:47.530+0000] {local_task_job_runner.py:120} INFO - ::group::Pre task execution logs
[2024-11-24T13:52:47.560+0000] {taskinstance.py:2076} INFO - Dependencies all met for dep_context=non-requeueable deps ti=<TaskInstance: labour_force_survey_etl.extract manual__2024-11-24T13:47:38.540983+00:00 [queued]>
[2024-11-24T13:52:47.566+0000] {taskinstance.py:2076} INFO - Dependencies all met for dep_context=requeueable deps ti=<TaskInstance: labour_force_survey_etl.extract manual__2024-11-24T13:47:38.540983+00:00 [queued]>
[2024-11-24T13:52:47.566+0000] {taskinstance.py:2306} INFO - Starting attempt 2 of 2
[2024-11-24T13:52:47.576+0000] {taskinstance.py:2330} INFO - Executing <Task(PythonOperator): extract> on 2024-11-24 13:47:38.540983+00:00
[2024-11-24T13:52:47.589+0000] {logging_mixin.py:188} WARNING - /home/***/.local/lib/python3.12/site-packages/***/task/task_runner/standard_task_runner.py:62 DeprecationWarning: This process (pid=174) is multi-threaded, use of fork() may lead to deadlocks in the child.
[2024-11-24T13:52:47.590+0000] {standard_task_runner.py:64} INFO - Started process 177 to run task
[2024-11-24T13:52:47.585+0000] {standard_task_runner.py:90} INFO - Running: ['***', 'tasks', 'run', 'labour_force_survey_etl', 'extract', 'manual__2024-11-24T13:47:38.540983+00:00', '--job-id', '10', '--raw', '--subdir', 'DAGS_FOLDER/labour_force_survey_etl_dag.py', '--cfg-path', '/tmp/tmpa0uv__ms']
[2024-11-24T13:52:47.593+0000] {standard_task_runner.py:91} INFO - Job 10: Subtask extract
[2024-11-24T13:52:47.628+0000] {task_command.py:426} INFO - Running <TaskInstance: labour_force_survey_etl.extract manual__2024-11-24T13:47:38.540983+00:00 [running]> on host 0b484676efda
[2024-11-24T13:52:47.713+0000] {taskinstance.py:2648} INFO - Exporting env vars: AIRFLOW_CTX_DAG_EMAIL='njabuldinho@gmail.com' AIRFLOW_CTX_DAG_OWNER='***' AIRFLOW_CTX_DAG_ID='labour_force_survey_etl' AIRFLOW_CTX_TASK_ID='extract' AIRFLOW_CTX_EXECUTION_DATE='2024-11-24T13:47:38.540983+00:00' AIRFLOW_CTX_TRY_NUMBER='2' AIRFLOW_CTX_DAG_RUN_ID='manual__2024-11-24T13:47:38.540983+00:00'
[2024-11-24T13:52:47.714+0000] {taskinstance.py:430} INFO - ::endgroup::
[2024-11-24T13:52:47.728+0000] {taskinstance.py:441} INFO - ::group::Post task execution logs
[2024-11-24T13:52:47.729+0000] {taskinstance.py:2905} ERROR - Task failed with exception
Traceback (most recent call last):
  File "/home/airflow/.local/lib/python3.12/site-packages/airflow/models/taskinstance.py", line 465, in _execute_task
    result = _execute_callable(context=context, **execute_callable_kwargs)
             ^^^^^^^^^^^^^^^^^^^^^^^^^^^^^^^^^^^^^^^^^^^^^^^^^^^^^^^^^^^^^
  File "/home/airflow/.local/lib/python3.12/site-packages/airflow/models/taskinstance.py", line 432, in _execute_callable
    return execute_callable(context=context, **execute_callable_kwargs)
           ^^^^^^^^^^^^^^^^^^^^^^^^^^^^^^^^^^^^^^^^^^^^^^^^^^^^^^^^^^^^
  File "/home/airflow/.local/lib/python3.12/site-packages/airflow/models/baseoperator.py", line 401, in wrapper
    return func(self, *args, **kwargs)
           ^^^^^^^^^^^^^^^^^^^^^^^^^^^
  File "/home/airflow/.local/lib/python3.12/site-packages/airflow/operators/python.py", line 235, in execute
    return_value = self.execute_callable()
                   ^^^^^^^^^^^^^^^^^^^^^^^
  File "/home/airflow/.local/lib/python3.12/site-packages/airflow/operators/python.py", line 252, in execute_callable
    return self.python_callable(*self.op_args, **self.op_kwargs)
           ^^^^^^^^^^^^^^^^^^^^^^^^^^^^^^^^^^^^^^^^^^^^^^^^^^^^^
  File "/opt/airflow/dags/labour_force_survey_etl_dag.py", line 37, in extract
    df, meta = pyreadstat.read_sav(sav_file_path)
               ^^^^^^^^^^^^^^^^^^^^^^^^^^^^^^^^^^
  File "pyreadstat/pyreadstat.pyx", line 389, in pyreadstat.pyreadstat.read_sav
  File "pyreadstat/_readstat_parser.pyx", line 1104, in pyreadstat._readstat_parser.run_conversion
pyreadstat._readstat_parser.PyreadstatError: File /opt/***/dags/LabourForceSurvey_dummy.sav does not exist!
[2024-11-24T13:52:47.739+0000] {taskinstance.py:1206} INFO - Marking task as FAILED. dag_id=labour_force_survey_etl, task_id=extract, run_id=manual__2024-11-24T13:47:38.540983+00:00, execution_date=20241124T134738, start_date=20241124T135247, end_date=20241124T135247
[2024-11-24T13:52:47.747+0000] {standard_task_runner.py:110} ERROR - Failed to execute job 10 for task extract (File /opt/***/dags/LabourForceSurvey_dummy.sav does not exist!; 177)
[2024-11-24T13:52:47.764+0000] {local_task_job_runner.py:243} INFO - Task exited with return code 1
[2024-11-24T13:52:47.782+0000] {taskinstance.py:3503} INFO - 0 downstream tasks scheduled from follow-on schedule check
[2024-11-24T13:52:47.785+0000] {local_task_job_runner.py:222} INFO - ::endgroup::
