[2024-11-24T15:06:44.058+0000] {local_task_job_runner.py:120} INFO - ::group::Pre task execution logs
[2024-11-24T15:06:44.082+0000] {taskinstance.py:2076} INFO - Dependencies all met for dep_context=non-requeueable deps ti=<TaskInstance: labour_force_survey_etl.extract manual__2024-11-24T15:06:40.825521+00:00 [queued]>
[2024-11-24T15:06:44.087+0000] {taskinstance.py:2076} INFO - Dependencies all met for dep_context=requeueable deps ti=<TaskInstance: labour_force_survey_etl.extract manual__2024-11-24T15:06:40.825521+00:00 [queued]>
[2024-11-24T15:06:44.088+0000] {taskinstance.py:2306} INFO - Starting attempt 1 of 2
[2024-11-24T15:06:44.097+0000] {taskinstance.py:2330} INFO - Executing <Task(PythonOperator): extract> on 2024-11-24 15:06:40.825521+00:00
[2024-11-24T15:06:44.105+0000] {standard_task_runner.py:90} INFO - Running: ['***', 'tasks', 'run', 'labour_force_survey_etl', 'extract', 'manual__2024-11-24T15:06:40.825521+00:00', '--job-id', '25', '--raw', '--subdir', 'DAGS_FOLDER/labour_force_survey_etl_dag.py', '--cfg-path', '/tmp/tmph6cvicht']
[2024-11-24T15:06:44.108+0000] {standard_task_runner.py:91} INFO - Job 25: Subtask extract
[2024-11-24T15:06:44.109+0000] {logging_mixin.py:188} WARNING - /home/***/.local/lib/python3.12/site-packages/***/task/task_runner/standard_task_runner.py:62 DeprecationWarning: This process (pid=72) is multi-threaded, use of fork() may lead to deadlocks in the child.
[2024-11-24T15:06:44.110+0000] {standard_task_runner.py:64} INFO - Started process 75 to run task
[2024-11-24T15:06:44.143+0000] {task_command.py:426} INFO - Running <TaskInstance: labour_force_survey_etl.extract manual__2024-11-24T15:06:40.825521+00:00 [running]> on host 711bcacde839
[2024-11-24T15:06:44.204+0000] {taskinstance.py:2648} INFO - Exporting env vars: AIRFLOW_CTX_DAG_OWNER='***' AIRFLOW_CTX_DAG_ID='labour_force_survey_etl' AIRFLOW_CTX_TASK_ID='extract' AIRFLOW_CTX_EXECUTION_DATE='2024-11-24T15:06:40.825521+00:00' AIRFLOW_CTX_TRY_NUMBER='1' AIRFLOW_CTX_DAG_RUN_ID='manual__2024-11-24T15:06:40.825521+00:00'
[2024-11-24T15:06:44.205+0000] {taskinstance.py:430} INFO - ::endgroup::
[2024-11-24T15:06:44.216+0000] {taskinstance.py:441} INFO - ::group::Post task execution logs
[2024-11-24T15:06:44.216+0000] {taskinstance.py:2905} ERROR - Task failed with exception
Traceback (most recent call last):
  File "/home/airflow/.local/lib/python3.12/site-packages/airflow/models/taskinstance.py", line 465, in _execute_task
    result = _execute_callable(context=context, **execute_callable_kwargs)
             ^^^^^^^^^^^^^^^^^^^^^^^^^^^^^^^^^^^^^^^^^^^^^^^^^^^^^^^^^^^^^
  File "/home/airflow/.local/lib/python3.12/site-packages/airflow/models/taskinstance.py", line 432, in _execute_callable
    return execute_callable(context=context, **execute_callable_kwargs)
           ^^^^^^^^^^^^^^^^^^^^^^^^^^^^^^^^^^^^^^^^^^^^^^^^^^^^^^^^^^^^
  File "/home/airflow/.local/lib/python3.12/site-packages/airflow/models/baseoperator.py", line 401, in wrapper
    return func(self, *args, **kwargs)
           ^^^^^^^^^^^^^^^^^^^^^^^^^^^
  File "/home/airflow/.local/lib/python3.12/site-packages/airflow/operators/python.py", line 235, in execute
    return_value = self.execute_callable()
                   ^^^^^^^^^^^^^^^^^^^^^^^
  File "/home/airflow/.local/lib/python3.12/site-packages/airflow/operators/python.py", line 252, in execute_callable
    return self.python_callable(*self.op_args, **self.op_kwargs)
           ^^^^^^^^^^^^^^^^^^^^^^^^^^^^^^^^^^^^^^^^^^^^^^^^^^^^^
  File "/opt/airflow/dags/labour_force_survey_etl_dag.py", line 35, in extract
    df, meta = pyreadstat.read_sav(sav_file_path)
               ^^^^^^^^^^^^^^^^^^^^^^^^^^^^^^^^^^
  File "pyreadstat/pyreadstat.pyx", line 389, in pyreadstat.pyreadstat.read_sav
  File "pyreadstat/_readstat_parser.pyx", line 1104, in pyreadstat._readstat_parser.run_conversion
pyreadstat._readstat_parser.PyreadstatError: File /opt/***/dags/LabourForceSurvey_dummy.sav does not exist!
[2024-11-24T15:06:44.226+0000] {taskinstance.py:1206} INFO - Marking task as UP_FOR_RETRY. dag_id=labour_force_survey_etl, task_id=extract, run_id=manual__2024-11-24T15:06:40.825521+00:00, execution_date=20241124T150640, start_date=20241124T150644, end_date=20241124T150644
[2024-11-24T15:06:44.233+0000] {standard_task_runner.py:110} ERROR - Failed to execute job 25 for task extract (File /opt/***/dags/LabourForceSurvey_dummy.sav does not exist!; 75)
[2024-11-24T15:06:44.246+0000] {local_task_job_runner.py:243} INFO - Task exited with return code 1
[2024-11-24T15:06:44.262+0000] {taskinstance.py:3503} INFO - 0 downstream tasks scheduled from follow-on schedule check
[2024-11-24T15:06:44.263+0000] {local_task_job_runner.py:222} INFO - ::endgroup::
